<?xml version="1.0" encoding="UTF-8"?>
<testsuite xmlns:xsi="http://www.w3.org/2001/XMLSchema-instance" xsi:noNamespaceSchemaLocation="https://maven.apache.org/surefire/maven-surefire-plugin/xsd/surefire-test-report-3.0.xsd" version="3.0" name="step_definition.Testrunner" time="47.333" tests="1" errors="0" skipped="0" failures="0">
  <properties>
[...]
</properties>
  <testcase name="user register a new account" classname="Registration" time="46.902">
    <system-out><![CDATA[
Scenario: user register a new account                      &amp#27;[90m# src/test/resources/Features/Register.feature:3&amp#27;[0m
- Username: 1249512
- Email: sdas9da@gmail.com
- Password:123321123
- Confirm password: 123321123
  &amp#27;[32mGiven &amp#27;[0m&amp#27;[32muser access homepage and click register&amp#27;[0m            &amp#27;[90m# step_definition.Step_definition.user_access_homepage()&amp#27;[0m
OBSERVE
  &amp#27;[32mThen &amp#27;[0m&amp#27;[32muser navigate to homepage&amp#27;[0m                           &amp#27;[90m# step_definition.Step_definition.user_navigate_to_homepage()&amp#27;[0m
  &amp#27;[32mWhen &amp#27;[0m&amp#27;[32muser sroll down and add to cart phone and headphone&amp#27;[0m &amp#27;[90m# step_definition.Step_definition.user_sroll_down_and_add_to_cart_phone_and_headphone()&amp#27;[0m
- The number displayed on CART logo is: 3
  &amp#27;[32mWhen &amp#27;[0m&amp#27;[32muser click cart logo on the right top of the page&amp#27;[0m   &amp#27;[90m# step_definition.Step_definition.user_click_cart_logo_on_the_right_top_of_the_page()&amp#27;[0m
  &amp#27;[32mThen &amp#27;[0m&amp#27;[32muser click proceed to checkout&amp#27;[0m                      &amp#27;[90m# step_definition.Step_definition.user_click_proceed_to_checkout()&amp#27;[0m
  &amp#27;[32mWhen &amp#27;[0m&amp#27;[32muser fill out with personal infor&amp#27;[0m                   &amp#27;[90m# step_definition.Step_definition.user_fill_out_with_personal_infor()&amp#27;[0m
Fullname: Luther Tran
Email address: abcdef@gmail.com
Shipping address: 123 ABC Street
Card number: 244471547
Name on card: Tran Wasd Luther
Expiry date: 12/12/2
CVC: 242
  &amp#27;[32mThen &amp#27;[0m&amp#27;[32muser click PLACE ORDER&amp#27;[0m                              &amp#27;[90m# step_definition.Step_definition.user_click_place_order()&amp#27;[0m
]]></system-out>
  </testcase>
</testsuite>